<?xml version="1.0" encoding="UTF-8"?>
<!-- Generated by org.testng.reporters.JUnitReportReporter -->
<testsuite hostname="DESKTOP-RGFUJQH" failures="1" tests="9" name="runner.TestRunner" time="24.642" errors="0" timestamp="2023-12-30T20:08:58 PST" skipped="0">
  <testcase classname="runner.TestRunner" name="runScenario" time="2.145"/>
  <testcase classname="runner.TestRunner" name="runScenario" time="2.277"/>
  <testcase classname="runner.TestRunner" name="runScenario" time="2.091"/>
  <testcase classname="runner.TestRunner" name="runScenario" time="2.307"/>
  <testcase classname="runner.TestRunner" name="runScenario" time="2.321"/>
  <testcase classname="runner.TestRunner" name="runScenario" time="2.305">
    <failure message="expected [New Account Created. You are logged in as JyothsnaV2] but found [password_mismatch:The two password fields didn’t match.]" type="java.lang.AssertionError">
      <![CDATA[java.lang.AssertionError: expected [New Account Created. You are logged in as JyothsnaV2] but found [password_mismatch:The two password fields didn’t match.]
at org.testng.Assert.fail(Assert.java:111)
at org.testng.Assert.failNotEquals(Assert.java:1578)
at org.testng.Assert.assertEqualsImpl(Assert.java:150)
at org.testng.Assert.assertEquals(Assert.java:132)
at org.testng.Assert.assertEquals(Assert.java:656)
at org.testng.Assert.assertEquals(Assert.java:666)
at stepDefinitions.Register_SD.it_should_display_a_message_new_account_created_you_are_logged_in_as_username(Register_SD.java:135)
at ✽.It should display a message: New Account Created. You are logged in as username.(file:///C:/Users/jyoth/git/repository/Ds_algo_Achievers/Ds_algo_Achievers/src/test/resources/features/Register.feature:30)
]]>
    </failure>
  </testcase> <!-- runScenario -->
  <testcase classname="runner.TestRunner" name="runScenario" time="6.731"/>
  <testcase classname="runner.TestRunner" name="runScenario" time="2.266"/>
  <testcase classname="runner.TestRunner" name="runScenario" time="2.199"/>
</testsuite> <!-- runner.TestRunner -->
