<?xml version="1.0" encoding="UTF-8"?>
<!-- Generated by org.testng.reporters.JUnitReportReporter -->
<testsuite hostname="DESKTOP-RGFUJQH" failures="0" tests="6" name="runner.TestRunner" time="20.175" errors="0" timestamp="2024-01-02T23:52:12 PST" skipped="0">
  <testcase classname="runner.TestRunner" name="runScenario" time="2.717"/>
  <testcase classname="runner.TestRunner" name="runScenario" time="2.239"/>
  <testcase classname="runner.TestRunner" name="runScenario" time="2.319"/>
  <testcase classname="runner.TestRunner" name="runScenario" time="2.646"/>
  <testcase classname="runner.TestRunner" name="runScenario" time="7.795"/>
  <testcase classname="runner.TestRunner" name="runScenario" time="2.459"/>
</testsuite> <!-- runner.TestRunner -->
