<?xml version="1.0" encoding="UTF-8"?>
<!-- Generated by org.testng.reporters.JUnitReportReporter -->
<testsuite hostname="DESKTOP-RGFUJQH" failures="0" tests="6" name="runner.TestRunner" time="22.963" errors="0" timestamp="2023-12-06T19:47:29 PST" skipped="0">
  <testcase classname="runner.TestRunner" name="runScenario" time="3.751"/>
  <testcase classname="runner.TestRunner" name="runScenario" time="4.356"/>
  <testcase classname="runner.TestRunner" name="runScenario" time="2.948"/>
  <testcase classname="runner.TestRunner" name="runScenario" time="3.620"/>
  <testcase classname="runner.TestRunner" name="runScenario" time="3.806"/>
  <testcase classname="runner.TestRunner" name="runScenario" time="4.482"/>
</testsuite> <!-- runner.TestRunner -->
