<?xml version="1.0" encoding="UTF-8"?>
<!-- Generated by org.testng.reporters.JUnitReportReporter -->
<testsuite hostname="DESKTOP-RGFUJQH" failures="0" tests="3" name="runner.TestRunner" time="15.794" errors="0" timestamp="2023-12-16T16:17:32 PST" skipped="0">
  <testcase classname="runner.TestRunner" name="runScenario" time="6.260"/>
  <testcase classname="runner.TestRunner" name="runScenario" time="4.842"/>
  <testcase classname="runner.TestRunner" name="runScenario" time="4.692"/>
</testsuite> <!-- runner.TestRunner -->
