<?xml version="1.0" encoding="UTF-8"?>
<!-- Generated by org.testng.reporters.JUnitReportReporter -->
<testsuite hostname="DESKTOP-RGFUJQH" failures="0" tests="6" name="runner.TestRunner" time="17.272" errors="0" timestamp="2024-01-01T21:51:23 PST" skipped="0">
  <testcase classname="runner.TestRunner" name="runScenario" time="2.366"/>
  <testcase classname="runner.TestRunner" name="runScenario" time="2.447"/>
  <testcase classname="runner.TestRunner" name="runScenario" time="2.388"/>
  <testcase classname="runner.TestRunner" name="runScenario" time="2.202"/>
  <testcase classname="runner.TestRunner" name="runScenario" time="5.523"/>
  <testcase classname="runner.TestRunner" name="runScenario" time="2.346"/>
</testsuite> <!-- runner.TestRunner -->
