<?xml version="1.0" encoding="UTF-8"?>
<!-- Generated by org.testng.reporters.JUnitReportReporter -->
<testsuite hostname="DESKTOP-RGFUJQH" failures="0" tests="1" name="runner.TestRunner" time="2.842" errors="0" timestamp="2023-12-13T23:41:00 PST" skipped="0">
  <testcase classname="runner.TestRunner" name="runScenario" time="2.842"/>
</testsuite> <!-- runner.TestRunner -->
