<?xml version="1.0" encoding="UTF-8"?>
<!-- Generated by org.testng.reporters.JUnitReportReporter -->
<testsuite hostname="DESKTOP-RGFUJQH" failures="0" tests="6" name="runner.TestRunner" time="14.929" errors="0" timestamp="2023-12-29T18:48:29 PST" skipped="0">
  <testcase classname="runner.TestRunner" name="runScenario" time="2.305"/>
  <testcase classname="runner.TestRunner" name="runScenario" time="3.181"/>
  <testcase classname="runner.TestRunner" name="runScenario" time="2.319"/>
  <testcase classname="runner.TestRunner" name="runScenario" time="2.346"/>
  <testcase classname="runner.TestRunner" name="runScenario" time="2.490"/>
  <testcase classname="runner.TestRunner" name="runScenario" time="2.288"/>
</testsuite> <!-- runner.TestRunner -->
