<?xml version="1.0" encoding="UTF-8"?>
<!-- Generated by org.testng.reporters.JUnitReportReporter -->
<testsuite hostname="DESKTOP-RGFUJQH" failures="0" tests="1" name="runner.TestRunner" time="11.285" errors="0" timestamp="2023-12-11T21:51:24 PST" skipped="0">
  <testcase classname="runner.TestRunner" name="runScenario" time="11.285"/>
</testsuite> <!-- runner.TestRunner -->
