<?xml version="1.0" encoding="UTF-8"?>
<!-- Generated by org.testng.reporters.JUnitReportReporter -->
<testsuite hostname="DESKTOP-RGFUJQH" failures="0" tests="1" name="runner.TestRunner" time="3.812" errors="1" timestamp="2023-12-10T22:02:13 PST" skipped="0">
  <testcase classname="runner.TestRunner" name="runScenario" time="3.812">
    <error message="Cannot invoke &quot;org.openqa.selenium.WebDriver.manage()&quot; because &quot;utilities.DriverFactory.driver&quot; is null" type="java.lang.NullPointerException">
      <![CDATA[java.lang.NullPointerException: Cannot invoke "org.openqa.selenium.WebDriver.manage()" because "utilities.DriverFactory.driver" is null
at utilities.DriverFactory.initializeDriver(DriverFactory.java:39)
at stepDefinitions.HomePage_SD.setUp(HomePage_SD.java:26)
]]>
    </error>
  </testcase> <!-- runScenario -->
</testsuite> <!-- runner.TestRunner -->
